f:\year 3\gp2\gp2 coursework\gp2 coursework\debug\vc141.pdb
f:\year 3\gp2\gp2 coursework\gp2 coursework\debug\vc141.idb
f:\year 3\gp2\gp2 coursework\gp2 coursework\debug\transform.obj
f:\year 3\gp2\gp2 coursework\gp2 coursework\debug\texture.obj
f:\year 3\gp2\gp2 coursework\gp2 coursework\debug\shader.obj
f:\year 3\gp2\gp2 coursework\gp2 coursework\debug\reindeergirl.obj
f:\year 3\gp2\gp2 coursework\gp2 coursework\debug\obj_loader.obj
f:\year 3\gp2\gp2 coursework\gp2 coursework\debug\monkey.obj
f:\year 3\gp2\gp2 coursework\gp2 coursework\debug\mesh.obj
f:\year 3\gp2\gp2 coursework\gp2 coursework\debug\maingame.obj
f:\year 3\gp2\gp2 coursework\gp2 coursework\debug\main.obj
f:\year 3\gp2\gp2 coursework\gp2 coursework\debug\gameobjectmanager.obj
f:\year 3\gp2\gp2 coursework\gp2 coursework\debug\gameobject.obj
f:\year 3\gp2\gp2 coursework\gp2 coursework\debug\display.obj
f:\year 3\gp2\gp2 coursework\gp2 coursework\debug\component.obj
f:\year 3\gp2\gp2 coursework\gp2 coursework\debug\camera.obj
f:\year 3\gp2\gp2 coursework\gp2 coursework\debug\stb_image.obj
f:\year 3\gp2\gp2 coursework\gp2 coursework\debug\usercontrol.obj
f:\year 3\gp2\gp2 coursework\debug\gp2 coursework.pdb
f:\year 3\gp2\gp2 coursework\gp2 coursework\debug\gp2 coursework.tlog\cl.command.1.tlog
f:\year 3\gp2\gp2 coursework\gp2 coursework\debug\gp2 coursework.tlog\link.command.1.tlog
f:\year 3\gp2\gp2 coursework\gp2 coursework\debug\gp2 coursework.tlog\link.read.1.tlog
f:\year 3\gp2\gp2 coursework\gp2 coursework\debug\gp2 coursework.tlog\link.write.1.tlog
f:\year 3\gp2\gp2 coursework\gp2 coursework\debug\gp2 coursework.tlog\cl.read.1.tlog
f:\year 3\gp2\gp2 coursework\gp2 coursework\debug\gp2 coursework.tlog\cl.write.1.tlog
f:\year 3\gp2\gp2 coursework\gp2 coursework\debug\gp2 coursework.tlog\link.5740-rc.read.1.tlog
f:\year 3\gp2\gp2 coursework\gp2 coursework\debug\gp2 coursework.tlog\link.5740-rc.write.1.tlog
f:\year 3\gp2\gp2 coursework\gp2 coursework\debug\gp2 coursework.tlog\link.5740-cvtres.read.1.tlog
f:\year 3\gp2\gp2 coursework\gp2 coursework\debug\gp2 coursework.tlog\link.5740-cvtres.write.1.tlog
f:\year 3\gp2\gp2 coursework\gp2 coursework\debug\gp2 coursework.tlog\link.5740.read.1.tlog
f:\year 3\gp2\gp2 coursework\gp2 coursework\debug\gp2 coursework.tlog\link.5740.write.1.tlog
f:\year 3\gp2\gp2 coursework\gp2 coursework\debug\gp2 coursework.tlog\link-rc.read.1.tlog
f:\year 3\gp2\gp2 coursework\gp2 coursework\debug\gp2 coursework.tlog\link-rc.write.1.tlog
f:\year 3\gp2\gp2 coursework\gp2 coursework\debug\gp2 coursework.tlog\link-cvtres.read.1.tlog
f:\year 3\gp2\gp2 coursework\gp2 coursework\debug\gp2 coursework.tlog\link-cvtres.write.1.tlog
